2018-05-23T17:24:30.422Z - info: No custom webpack config webpack.config.dev.js found in dirs CWD; CWD/archetype/config/webpack
2018-05-23T17:24:30.434Z - info: Entry point configuration /Users/al/Desktop/electrode/wml_electrode_simple_demo/src/client/entry.config.js is not found, using default entry point...
2018-05-23T17:24:31.053Z - info: PWA enabled with config from /Users/al/Desktop/electrode/wml_electrode_simple_demo/config/sw-config.js
2018-05-23T17:24:31.141Z - info: Not disabling NodeSourcePlugin.  NODE_ENV: 'development'
2018-05-23T17:24:31.142Z - verbose: Final Webpack config {
  "cache": true,
  "plugins": [
    {
      "options": {
        "options": {
          "debug": false
        },
        "test": {}
      },
      "__name": "LoaderOptionsPlugin"
    },
    {
      "filename": "[name].style.[hash].css",
      "id": 1,
      "options": {},
      "__name": "ExtractTextPlugin"
    },
    {
      "options": {
        "size": 4000,
        "preserve": true,
        "defer": true
      },
      "__name": "CSSSplitWebpackPlugin"
    },
    {
      "options": {
        "options": {
          "context": "/Users/al/Desktop/electrode/wml_electrode_simple_demo/src",
          "stylus": {
            "use": []
          }
        },
        "test": {}
      },
      "__name": "LoaderOptionsPlugin"
    },
    {
      "opts": {
        "filename": "../server/stats.json",
        "fields": [
          "assetsByChunkName",
          "assets"
        ]
      },
      "__name": "StatsWriterPlugin"
    },
    {
      "config": {
        "valid": false
      },
      "options": {
        "assetsFile": "../isomorphic-assets.json",
        "webpackDev": {
          "url": "http://localhost:2992",
          "addUrl": false
        }
      },
      "__name": "IsomorphicLoaderPlugin"
    },
    {
      "options": {
        "prefix": "icons-[hash]/",
        "emitStats": true,
        "statsFilename": "../server/iconstats.json",
        "persistentCache": true,
        "inject": false,
        "background": "#FFFFFF",
        "logo": "/Users/al/Desktop/electrode/wml_electrode_simple_demo/src/client/images/electrode.png",
        "title": "electrode",
        "icons": {
          "android": true,
          "appleIcon": true,
          "appleStartup": true,
          "coast": false,
          "favicons": true,
          "firefox": true,
          "opengraph": false,
          "twitter": false,
          "yandex": false,
          "windows": false
        }
      },
      "__name": "FaviconsWebpackPlugin"
    },
    {
      "fields": {
        "short_name": "PWA",
        "theme_color": "#FFFFFF"
      },
      "regex": {},
      "__name": "AddManifestFieldsPlugin"
    },
    {
      "config": {},
      "options": {
        "cacheId": "electrode",
        "filename": "service-worker.js",
        "importScripts": [],
        "staticFileGlobsIgnorePatterns": [],
        "mergeStaticsConfig": false,
        "minify": false,
        "staticFileGlobs": [
          "dist/**/*"
        ],
        "stripPrefix": "dist/js/",
        "filepath": "dist/sw.js",
        "maximumFileSizeToCacheInBytes": 4194304,
        "skipWaiting": false,
        "noWarning": true,
        "runtimeCaching": [
          {
            "handler": "fastest",
            "urlPattern": {}
          }
        ]
      },
      "overrides": {},
      "warnings": [],
      "__name": "SWPrecacheWebpackPlugin"
    },
    {
      "opts": {
        "files": [
          {
            "asset": {},
            "output": {
              "filename": "stats.json"
            }
          }
        ],
        "output": {
          "path": "/Users/al/Desktop/electrode/wml_electrode_simple_demo/.etmp"
        }
      },
      "__name": "DiskPlugin"
    },
    {
      "definitions": {
        "process.env.NODE_ENV": "\"development\""
      },
      "__name": "DefinePlugin"
    },
    {
      "sourceMappingURLComment": "\n//# sourceMappingURL=[url]",
      "moduleFilenameTemplate": "webpack:///[resourcePath]",
      "fallbackModuleFilenameTemplate": "webpack:///[resourcePath]?[hash]",
      "options": {
        "sourceMapFilename": "[file].map"
      },
      "__name": "SourceMapDevToolPlugin"
    },
    {
      "filename": "[name].style.css",
      "id": 2,
      "options": {},
      "__name": "ExtractTextPlugin"
    },
    {
      "__name": "NoEmitOnErrorsPlugin"
    }
  ],
  "context": "/Users/al/Desktop/electrode/wml_electrode_simple_demo/src/client",
  "entry": "./app.jsx",
  "output": {
    "path": "/Users/al/Desktop/electrode/wml_electrode_simple_demo/dist/js",
    "pathinfo": false,
    "publicPath": "http://localhost:2992/js/",
    "chunkFilename": "[hash].[name].js",
    "filename": "[name].bundle.dev.js"
  },
  "resolve": {
    "alias": {},
    "symlinks": true,
    "plugins": [
      {
        "source": "module",
        "path": "node_modules",
        "target": "resolve"
      }
    ],
    "modules": [
      "/Users/al/Desktop/electrode/wml_electrode_simple_demo/src",
      "/Users/al/Desktop/electrode/wml_electrode_simple_demo",
      "node_modules"
    ],
    "extensions": [
      ".js",
      ".jsx",
      ".json"
    ]
  },
  "resolveLoader": {
    "symlinks": true,
    "modules": [
      "/Users/al/Desktop/electrode/wml_electrode_simple_demo/lib",
      "/Users/al/Desktop/electrode/wml_electrode_simple_demo"
    ],
    "plugins": [
      {
        "source": "module",
        "path": "node_modules",
        "target": "resolve"
      }
    ]
  },
  "module": {
    "rules": [
      {
        "test": {},
        "use": [
          {
            "loader": "babel-loader"
          }
        ]
      },
      {
        "test": {},
        "loader": [
          {
            "loader": "/Users/al/Desktop/electrode/wml_electrode_simple_demo/node_modules/extract-text-webpack-plugin/dist/loader.js",
            "options": {
              "omit": 1,
              "remove": true,
              "publicPath": ""
            }
          },
          {
            "loader": "/Users/al/Desktop/electrode/wml_electrode_simple_demo/node_modules/style-loader/index.js"
          },
          {
            "loader": "/Users/al/Desktop/electrode/wml_electrode_simple_demo/node_modules/css-loader/index.js?modules&localIdentName=[name]__[local]___[hash:base64:5]&-autoprefixer"
          },
          {
            "loader": "/Users/al/Desktop/electrode/wml_electrode_simple_demo/node_modules/postcss-loader/index.js"
          }
        ]
      },
      {
        "test": {},
        "use": [
          {
            "loader": "/Users/al/Desktop/electrode/wml_electrode_simple_demo/node_modules/extract-text-webpack-plugin/dist/loader.js",
            "options": {
              "omit": 1,
              "remove": true,
              "publicPath": ""
            }
          },
          {
            "loader": "/Users/al/Desktop/electrode/wml_electrode_simple_demo/node_modules/style-loader/index.js"
          },
          {
            "loader": "/Users/al/Desktop/electrode/wml_electrode_simple_demo/node_modules/css-loader/index.js?modules&localIdentName=[name]__[local]___[hash:base64:5]&-autoprefixer"
          },
          {
            "loader": "/Users/al/Desktop/electrode/wml_electrode_simple_demo/node_modules/postcss-loader/index.js"
          },
          {
            "loader": "/Users/al/Desktop/electrode/wml_electrode_simple_demo/node_modules/sass-loader/lib/loader.js"
          }
        ]
      },
      {
        "test": {},
        "use": [
          {
            "loader": "/Users/al/Desktop/electrode/wml_electrode_simple_demo/node_modules/extract-text-webpack-plugin/dist/loader.js",
            "options": {
              "omit": 1,
              "remove": true,
              "publicPath": ""
            }
          },
          {
            "loader": "/Users/al/Desktop/electrode/wml_electrode_simple_demo/node_modules/style-loader/index.js"
          },
          {
            "loader": "/Users/al/Desktop/electrode/wml_electrode_simple_demo/node_modules/css-loader/index.js?modules&localIdentName=[name]__[local]___[hash:base64:5]&-autoprefixer"
          },
          {
            "loader": "/Users/al/Desktop/electrode/wml_electrode_simple_demo/node_modules/postcss-loader/index.js"
          },
          {
            "loader": "/Users/al/Desktop/electrode/wml_electrode_simple_demo/node_modules/stylus-relative-loader/index.js"
          }
        ]
      },
      {
        "test": {},
        "use": [
          {
            "loader": "/Users/al/Desktop/electrode/wml_electrode_simple_demo/node_modules/url-loader/index.js",
            "options": {
              "limit": 1000,
              "mimetype": "application/font-woff"
            }
          },
          "/Users/al/Desktop/electrode/wml_electrode_simple_demo/node_modules/isomorphic-loader/index.js"
        ]
      },
      {
        "test": {},
        "use": [
          "/Users/al/Desktop/electrode/wml_electrode_simple_demo/node_modules/file-loader/index.js",
          "/Users/al/Desktop/electrode/wml_electrode_simple_demo/node_modules/isomorphic-loader/index.js"
        ]
      },
      {
        "test": {},
        "use": [
          {
            "loader": "/Users/al/Desktop/electrode/wml_electrode_simple_demo/node_modules/electrode-cdn-file-loader/index.js",
            "options": {
              "limit": 10000
            }
          },
          "/Users/al/Desktop/electrode/wml_electrode_simple_demo/node_modules/isomorphic-loader/index.js"
        ]
      },
      {
        "test": {},
        "use": [
          {
            "loader": "/Users/al/Desktop/electrode/wml_electrode_simple_demo/node_modules/file-loader/index.js",
            "options": {
              "name": "manifest.json"
            }
          },
          "/Users/al/Desktop/electrode/wml_electrode_simple_demo/node_modules/web-app-manifest-loader/index.js"
        ]
      }
    ]
  },
  "devServer": {
    "https": false,
    "disableHostCheck": true,
    "headers": {
      "Access-Control-Allow-Origin": "*"
    }
  }
}
2018-05-23T17:24:44.501Z - info: APP_SRC_DIR set to src/
2018-05-23T17:25:57.550Z - info: APP_SRC_DIR set to src/
2018-05-23T17:27:38.504Z - info: APP_SRC_DIR set to src/
2018-05-23T17:29:20.566Z - info: APP_SRC_DIR set to src/
2018-05-23T17:29:43.804Z - info: APP_SRC_DIR set to src/
2018-05-23T17:29:46.488Z - info: APP_SRC_DIR set to src/
2018-05-23T17:30:45.235Z - info: APP_SRC_DIR set to src/
2018-05-23T17:31:15.113Z - info: APP_SRC_DIR set to src/
2018-05-23T17:34:06.070Z - info: APP_SRC_DIR set to src/
2018-05-23T17:41:45.007Z - info: APP_SRC_DIR set to src/
2018-05-23T17:48:32.918Z - info: APP_SRC_DIR set to src/
2018-05-23T17:49:44.762Z - info: APP_SRC_DIR set to src/
2018-05-23T17:49:54.197Z - info: APP_SRC_DIR set to src/
2018-05-23T17:50:21.474Z - info: APP_SRC_DIR set to src/
2018-05-23T17:59:37.872Z - info: APP_SRC_DIR set to src/
2018-05-23T18:01:17.660Z - info: APP_SRC_DIR set to src/
2018-05-23T18:01:56.774Z - info: APP_SRC_DIR set to src/
2018-05-23T18:02:40.470Z - info: APP_SRC_DIR set to src/
2018-05-23T18:02:54.403Z - info: APP_SRC_DIR set to src/
2018-05-23T18:02:59.483Z - info: APP_SRC_DIR set to src/
2018-05-23T18:03:43.913Z - info: APP_SRC_DIR set to src/
2018-05-23T18:07:46.112Z - info: APP_SRC_DIR set to src/
2018-05-23T18:09:13.096Z - info: APP_SRC_DIR set to src/
2018-05-23T18:09:47.595Z - info: APP_SRC_DIR set to src/
2018-05-23T18:10:14.814Z - info: APP_SRC_DIR set to src/
2018-05-23T18:17:41.174Z - info: APP_SRC_DIR set to src/
2018-05-23T18:21:46.598Z - info: APP_SRC_DIR set to src/
2018-05-23T18:23:38.835Z - info: APP_SRC_DIR set to src/
2018-05-23T18:23:47.008Z - info: APP_SRC_DIR set to src/
2018-05-23T18:24:00.456Z - info: APP_SRC_DIR set to src/
2018-05-23T18:25:41.511Z - info: APP_SRC_DIR set to src/
2018-05-23T18:25:50.814Z - info: APP_SRC_DIR set to src/
2018-05-23T18:27:08.150Z - info: APP_SRC_DIR set to src/
2018-05-23T18:28:32.919Z - info: APP_SRC_DIR set to src/
2018-05-23T18:28:35.564Z - info: APP_SRC_DIR set to src/
2018-05-23T18:28:47.152Z - info: APP_SRC_DIR set to src/
2018-05-23T18:29:06.419Z - info: APP_SRC_DIR set to src/
2018-05-23T18:32:38.488Z - info: APP_SRC_DIR set to src/
2018-05-23T18:33:37.518Z - info: APP_SRC_DIR set to src/
2018-05-23T18:33:50.397Z - info: APP_SRC_DIR set to src/
2018-05-23T18:34:28.789Z - info: APP_SRC_DIR set to src/
2018-05-23T18:34:38.008Z - info: APP_SRC_DIR set to src/
2018-05-23T18:34:42.852Z - info: APP_SRC_DIR set to src/
2018-05-23T18:34:49.182Z - info: APP_SRC_DIR set to src/
2018-05-23T18:35:22.784Z - info: APP_SRC_DIR set to src/
2018-05-23T18:35:25.892Z - info: APP_SRC_DIR set to src/
2018-05-23T18:35:33.664Z - info: APP_SRC_DIR set to src/
2018-05-23T18:36:14.237Z - info: APP_SRC_DIR set to src/
2018-05-23T18:37:08.918Z - info: APP_SRC_DIR set to src/
2018-05-23T18:37:18.944Z - info: APP_SRC_DIR set to src/
2018-05-23T18:37:21.917Z - info: APP_SRC_DIR set to src/
2018-05-23T18:38:08.958Z - info: APP_SRC_DIR set to src/
2018-05-23T18:38:45.195Z - info: APP_SRC_DIR set to src/
2018-05-23T18:40:44.368Z - info: APP_SRC_DIR set to src/
2018-05-23T18:41:19.123Z - info: APP_SRC_DIR set to src/
2018-05-23T18:41:27.236Z - info: APP_SRC_DIR set to src/
2018-05-23T18:42:08.522Z - info: APP_SRC_DIR set to src/
2018-05-23T18:42:45.358Z - info: APP_SRC_DIR set to src/
2018-05-23T18:43:38.699Z - info: APP_SRC_DIR set to src/
2018-05-23T18:43:44.321Z - info: APP_SRC_DIR set to src/
2018-05-23T18:44:15.152Z - info: APP_SRC_DIR set to src/
2018-05-23T18:45:11.909Z - info: APP_SRC_DIR set to src/
